[debug] ----------------------------------------------------------------------
[debug] Command:      /home/ewgenius/.nvm/versions/node/v6.9.1/bin/node /home/ewgenius/.nvm/versions/node/v6.9.1/bin/firebase deploy
[debug] CLI Version:  3.0.8
[debug] Platform:     linux
[debug] Node Version: v6.9.1
[debug] Time:         Wed Nov 02 2016 10:47:46 GMT+0300 (MSK)
[debug] ----------------------------------------------------------------------
[debug] 
[debug] > command requires scopes: ["email","openid","https://www.googleapis.com/auth/cloudplatformprojects.readonly","https://www.googleapis.com/auth/firebase"]
[debug] >>> HTTP REQUEST GET https://admin.firebase.com/v1/projects/magicball-a02fa 
[debug] Error: getaddrinfo EAI_AGAIN admin.firebase.com:443
    at Object.exports._errnoException (util.js:1026:11)
    at errnoException (dns.js:33:15)
    at GetAddrInfoReqWrap.onlookup [as oncomplete] (dns.js:76:26)
[error] 
[error] Error: Server Error. getaddrinfo EAI_AGAIN admin.firebase.com:443
[debug] ----------------------------------------------------------------------
[debug] Command:      /home/ewgenius/.nvm/versions/node/v6.9.1/bin/node /home/ewgenius/.nvm/versions/node/v6.9.1/bin/firebase deploy
[debug] CLI Version:  3.0.8
[debug] Platform:     linux
[debug] Node Version: v6.9.1
[debug] Time:         Wed Nov 02 2016 10:48:10 GMT+0300 (MSK)
[debug] ----------------------------------------------------------------------
[debug] 
[debug] > command requires scopes: ["email","openid","https://www.googleapis.com/auth/cloudplatformprojects.readonly","https://www.googleapis.com/auth/firebase"]
[debug] >>> HTTP REQUEST GET https://admin.firebase.com/v1/projects/magicball-a02fa 
[debug] ----------------------------------------------------------------------
[debug] Command:      /home/ewgenius/.nvm/versions/node/v6.9.1/bin/node /home/ewgenius/.nvm/versions/node/v6.9.1/bin/firebase deploy
[debug] CLI Version:  3.0.8
[debug] Platform:     linux
[debug] Node Version: v6.9.1
[debug] Time:         Wed Nov 02 2016 10:49:16 GMT+0300 (MSK)
[debug] ----------------------------------------------------------------------
[debug] 
[debug] > command requires scopes: ["email","openid","https://www.googleapis.com/auth/cloudplatformprojects.readonly","https://www.googleapis.com/auth/firebase"]
[debug] >>> HTTP REQUEST GET https://admin.firebase.com/v1/projects/magicball-a02fa 
[debug] <<< HTTP RESPONSE 200
[debug] >>> HTTP REQUEST GET https://admin.firebase.com/v1/database/magicball-a02fa/tokens 
[debug] <<< HTTP RESPONSE 200
[info] 
[info] === Deploying to 'magicball-a02fa'...
[info] 
[info] i  deploying hosting
[info] ✔  database: rules ready to deploy.
[info] i  hosting: preparing build directory for upload...
[debug] >>> HTTP REQUEST PUT https://deploy.firebase.com/v1/hosting/magicball-a02fa/uploads/-KVZ-vwmZVWSUfqoCdrC?fileCount=6&message= 
